2018-11-10 18:59:55   INFO [pages.HomePage] : Home page was opened
2018-11-10 18:59:56   INFO [pages.HomePage] : Location was got: (991, 537)
2018-11-10 18:59:56   INFO [pages.HomePage] : Element width was got: 120
2018-11-10 18:59:56   INFO [pages.HomePage] : Element height was got: 130
2018-11-10 18:59:56   INFO [pages.HomePage] : Element screenshot was got: C:\Users\ALINA_~1\AppData\Local\Temp\screenshot9206162464374346248.png
2018-11-10 18:59:56   INFO [pages.HomePage] : Element screenshot was copied to disk: D:\images\screenshot1.png
2018-11-10 18:59:57   INFO [pages.HomePage] : Location was got: (1769, 254)
2018-11-10 18:59:57   INFO [pages.HomePage] : Element width was got: 100
2018-11-10 18:59:57   INFO [pages.HomePage] : Element height was got: 156
2018-11-10 18:59:57   INFO [pages.HomePage] : Element screenshot was got: C:\Users\ALINA_~1\AppData\Local\Temp\screenshot5001327580361065922.png
2018-11-10 18:59:57   INFO [pages.HomePage] : Element screenshot was copied to disk: D:\images\screenshot2.png
2018-11-10 18:59:58   INFO [pages.HomePage] : Browser was closed
2018-11-10 20:41:01   INFO [pages.HomePage] : Home page was opened
2018-11-10 20:41:01   INFO [pages.HomePage] : Value автоматизация тестирования was inputted in Search field
2018-11-10 20:41:02   INFO [pages.HomePage] : Browser was closed
2018-11-10 20:45:38   INFO [pages.HomePage] : Home page was opened
2018-11-10 20:46:44   INFO [pages.HomePage] : Home page was opened
2018-11-10 20:46:44   INFO [pages.HomePage] : Location was got: (991, 537)
2018-11-10 20:46:44   INFO [pages.HomePage] : Element width was got: 120
2018-11-10 20:46:44   INFO [pages.HomePage] : Element height was got: 130
2018-11-10 20:46:44   INFO [pages.HomePage] : Element screenshot was got: C:\Users\ALINA_~1\AppData\Local\Temp\screenshot4228872761318627121.png
2018-11-10 20:46:44   INFO [pages.HomePage] : Element screenshot was copied to disk: D:\images\screenshot1.png
2018-11-10 20:46:45   INFO [pages.HomePage] : Location was got: (1769, 254)
2018-11-10 20:46:45   INFO [pages.HomePage] : Element width was got: 100
2018-11-10 20:46:45   INFO [pages.HomePage] : Element height was got: 156
2018-11-10 20:46:45   INFO [pages.HomePage] : Element screenshot was got: C:\Users\ALINA_~1\AppData\Local\Temp\screenshot5508708099672592254.png
2018-11-10 20:46:45   INFO [pages.HomePage] : Element screenshot was copied to disk: D:\images\screenshot2.png
2018-11-10 20:46:46   INFO [pages.HomePage] : Browser was closed
